<?xml version="1.0" encoding="UTF-8"?><testsuite failures="0" name="cucumber.runtime.formatter.JUnitFormatter" skipped="0" tests="1" time="19.358505">
<testcase classname="testing web service" name="As a user I test API" time="19.358505">
<system-out><![CDATA[Given As a user I check base url............................................passed
When As a user I test status code...........................................passed
And As a user I test header.................................................passed
And As a user I test body...................................................passed
And As a user I add new pet.................................................passed
]]></system-out>
</testcase>
</testsuite>
